Building DAG of jobs...
Using shell: /bin/bash
Provided cores: 1 (use --cores to define parallelism)
Rules claiming more threads will be scaled down.
Job stats:
job             count    min threads    max threads
------------  -------  -------------  -------------
all                 1              1              1
download_ena        2              1              1
total               3              1              1

Select jobs to execute...

[Thu Jun  2 18:38:19 2022]
rule download_ena:
    output: data/test/ERR598959_1.fastq.gz
    jobid: 1
    wildcards: run=ERR598959, num=1
    resources: tmpdir=/var/folders/61/5z2dc0b92ws6z4fr57kvflvwr4qw9n/T

Waiting at most 5 seconds for missing files.
Terminating processes on user request, this might take some time.
Complete log: .snakemake/log/2022-06-02T183819.465010.snakemake.log
